<?xml version="1.0" encoding="UTF-8"?>
<coverage generated="1711077653444" clover="3.2.0">
  <project timestamp="1711077653444" name="All files">
    <metrics statements="61" coveredstatements="61" conditionals="16" coveredconditionals="16" methods="14" coveredmethods="14" elements="91" coveredelements="91" complexity="0" loc="61" ncloc="61" packages="1" files="1" classes="1"/>
    <file name="main.ts" path="/Users/arturoburigo/Projects/NodeJS/cccat14_1/backend/ride/src/main.ts">
      <metrics statements="61" coveredstatements="61" conditionals="16" coveredconditionals="16" methods="14" coveredmethods="14"/>
      <line num="1" count="1" type="stmt"/>
      <line num="2" count="1" type="stmt"/>
      <line num="4" count="1" type="stmt"/>
      <line num="5" count="16" type="cond" truecount="1" falsecount="0"/>
      <line num="6" count="13" type="stmt"/>
      <line num="7" count="13" type="cond" truecount="1" falsecount="0"/>
      <line num="8" count="11" type="cond" truecount="1" falsecount="0"/>
      <line num="9" count="10" type="stmt"/>
      <line num="10" count="10" type="stmt"/>
      <line num="11" count="10" type="stmt"/>
      <line num="15" count="13" type="stmt"/>
      <line num="19" count="13" type="stmt"/>
      <line num="23" count="31" type="stmt"/>
      <line num="27" count="20" type="stmt"/>
      <line num="28" count="20" type="stmt"/>
      <line num="29" count="220" type="cond" truecount="1" falsecount="0"/>
      <line num="31" count="20" type="stmt"/>
      <line num="32" count="20" type="cond" truecount="2" falsecount="0"/>
      <line num="36" count="10" type="stmt"/>
      <line num="39" count="1" type="stmt"/>
      <line num="40" count="19" type="stmt"/>
      <line num="41" count="19" type="stmt"/>
      <line num="42" count="19" type="stmt"/>
      <line num="43" count="19" type="stmt"/>
      <line num="47" count="19" type="cond" truecount="1" falsecount="0"/>
      <line num="48" count="18" type="cond" truecount="1" falsecount="0"/>
      <line num="49" count="17" type="cond" truecount="1" falsecount="0"/>
      <line num="50" count="16" type="cond" truecount="1" falsecount="0"/>
      <line num="51" count="10" type="cond" truecount="3" falsecount="0"/>
      <line num="52" count="1" type="stmt"/>
      <line num="53" count="9" type="stmt"/>
      <line num="66" count="9" type="stmt"/>
      <line num="70" count="19" type="stmt"/>
      <line num="75" count="18" type="stmt"/>
      <line num="79" count="17" type="stmt"/>
      <line num="83" count="2" type="stmt"/>
      <line num="86" count="1" type="stmt"/>
      <line num="87" count="4" type="stmt"/>
      <line num="88" count="4" type="stmt"/>
      <line num="92" count="4" type="stmt"/>
      <line num="93" count="4" type="stmt"/>
      <line num="104" count="1" type="stmt"/>
      <line num="111" count="6" type="stmt"/>
      <line num="112" count="6" type="stmt"/>
      <line num="113" count="6" type="stmt"/>
      <line num="117" count="6" type="cond" truecount="1" falsecount="0"/>
      <line num="119" count="5" type="stmt"/>
      <line num="123" count="5" type="cond" truecount="1" falsecount="0"/>
      <line num="124" count="4" type="stmt"/>
      <line num="128" count="4" type="stmt"/>
      <line num="129" count="4" type="cond" truecount="1" falsecount="0"/>
      <line num="130" count="3" type="stmt"/>
      <line num="131" count="3" type="stmt"/>
      <line num="144" count="3" type="stmt"/>
      <line num="146" count="3" type="stmt"/>
      <line num="148" count="6" type="stmt"/>
      <line num="152" count="1" type="stmt"/>
      <line num="153" count="1" type="stmt"/>
      <line num="154" count="1" type="stmt"/>
      <line num="158" count="1" type="stmt"/>
      <line num="159" count="1" type="stmt"/>
    </file>
  </project>
</coverage>
