{"/Users/arturoburigo/Projects/NodeJS/cccat14_1/backend/ride/src/main.ts": {"path":"/Users/arturoburigo/Projects/NodeJS/cccat14_1/backend/ride/src/main.ts","statementMap":{"0":{"start":{"line":1,"column":0},"end":{"line":1,"column":28}},"1":{"start":{"line":2,"column":0},"end":{"line":2,"column":29}},"2":{"start":{"line":5,"column":2},"end":{"line":5,"column":25}},"3":{"start":{"line":5,"column":12},"end":{"line":5,"column":25}},"4":{"start":{"line":6,"column":2},"end":{"line":6,"column":19}},"5":{"start":{"line":7,"column":2},"end":{"line":7,"column":41}},"6":{"start":{"line":7,"column":28},"end":{"line":7,"column":41}},"7":{"start":{"line":8,"column":2},"end":{"line":8,"column":45}},"8":{"start":{"line":8,"column":32},"end":{"line":8,"column":45}},"9":{"start":{"line":9,"column":14},"end":{"line":9,"column":37}},"10":{"start":{"line":10,"column":14},"end":{"line":10,"column":37}},"11":{"start":{"line":11,"column":2},"end":{"line":11,"column":51}},"12":{"start":{"line":4,"column":0},"end":{"line":4,"column":16}},"13":{"start":{"line":15,"column":2},"end":{"line":15,"column":32}},"14":{"start":{"line":19,"column":2},"end":{"line":19,"column":27}},"15":{"start":{"line":23,"column":2},"end":{"line":23,"column":50}},"16":{"start":{"line":23,"column":36},"end":{"line":23,"column":48}},"17":{"start":{"line":27,"column":14},"end":{"line":27,"column":15}},"18":{"start":{"line":28,"column":2},"end":{"line":30,"column":null}},"19":{"start":{"line":29,"column":4},"end":{"line":29,"column":56}},"20":{"start":{"line":29,"column":20},"end":{"line":29,"column":56}},"21":{"start":{"line":31,"column":15},"end":{"line":31,"column":25}},"22":{"start":{"line":32,"column":2},"end":{"line":32,"column":34}},"23":{"start":{"line":36,"column":2},"end":{"line":36,"column":22}},"24":{"start":{"line":40,"column":21},"end":{"line":40,"column":75}},"25":{"start":{"line":41,"column":2},"end":{"line":71,"column":null}},"26":{"start":{"line":42,"column":22},"end":{"line":42,"column":41}},"27":{"start":{"line":43,"column":22},"end":{"line":45,"column":null}},"28":{"start":{"line":47,"column":4},"end":{"line":47,"column":55}},"29":{"start":{"line":47,"column":17},"end":{"line":47,"column":55}},"30":{"start":{"line":48,"column":4},"end":{"line":48,"column":67}},"31":{"start":{"line":48,"column":35},"end":{"line":48,"column":67}},"32":{"start":{"line":49,"column":4},"end":{"line":49,"column":70}},"33":{"start":{"line":49,"column":37},"end":{"line":49,"column":70}},"34":{"start":{"line":50,"column":4},"end":{"line":50,"column":64}},"35":{"start":{"line":50,"column":33},"end":{"line":50,"column":64}},"36":{"start":{"line":51,"column":4},"end":{"line":52,"column":43}},"37":{"start":{"line":52,"column":6},"end":{"line":52,"column":43}},"38":{"start":{"line":53,"column":4},"end":{"line":64,"column":6}},"39":{"start":{"line":66,"column":4},"end":{"line":68,"column":6}},"40":{"start":{"line":70,"column":4},"end":{"line":70,"column":33}},"41":{"start":{"line":39,"column":0},"end":{"line":39,"column":22}},"42":{"start":{"line":75,"column":2},"end":{"line":75,"column":43}},"43":{"start":{"line":79,"column":2},"end":{"line":79,"column":37}},"44":{"start":{"line":83,"column":2},"end":{"line":83,"column":45}},"45":{"start":{"line":87,"column":21},"end":{"line":87,"column":75}},"46":{"start":{"line":88,"column":20},"end":{"line":90,"column":null}},"47":{"start":{"line":92,"column":2},"end":{"line":92,"column":31}},"48":{"start":{"line":93,"column":2},"end":{"line":93,"column":17}},"49":{"start":{"line":86,"column":0},"end":{"line":86,"column":22}},"50":{"start":{"line":111,"column":21},"end":{"line":111,"column":75}},"51":{"start":{"line":112,"column":2},"end":{"line":149,"column":null}},"52":{"start":{"line":113,"column":20},"end":{"line":115,"column":null}},"53":{"start":{"line":117,"column":4},"end":{"line":117,"column":59}},"54":{"start":{"line":117,"column":18},"end":{"line":117,"column":59}},"55":{"start":{"line":119,"column":31},"end":{"line":121,"column":null}},"56":{"start":{"line":123,"column":4},"end":{"line":123,"column":74}},"57":{"start":{"line":123,"column":29},"end":{"line":123,"column":74}},"58":{"start":{"line":124,"column":25},"end":{"line":126,"column":null}},"59":{"start":{"line":128,"column":4},"end":{"line":128,"column":30}},"60":{"start":{"line":129,"column":4},"end":{"line":129,"column":79}},"61":{"start":{"line":129,"column":22},"end":{"line":129,"column":79}},"62":{"start":{"line":130,"column":20},"end":{"line":130,"column":39}},"63":{"start":{"line":131,"column":4},"end":{"line":143,"column":6}},"64":{"start":{"line":144,"column":4},"end":{"line":144,"column":19}},"65":{"start":{"line":146,"column":4},"end":{"line":146,"column":16}},"66":{"start":{"line":148,"column":4},"end":{"line":148,"column":33}},"67":{"start":{"line":104,"column":0},"end":{"line":104,"column":22}},"68":{"start":{"line":153,"column":21},"end":{"line":153,"column":75}},"69":{"start":{"line":154,"column":15},"end":{"line":156,"column":null}},"70":{"start":{"line":158,"column":2},"end":{"line":158,"column":31}},"71":{"start":{"line":159,"column":2},"end":{"line":159,"column":14}},"72":{"start":{"line":152,"column":0},"end":{"line":152,"column":22}}},"fnMap":{"0":{"name":"validateCpf","decl":{"start":{"line":4,"column":16},"end":{"line":4,"column":27}},"loc":{"start":{"line":4,"column":39},"end":{"line":12,"column":1}}},"1":{"name":"clean","decl":{"start":{"line":14,"column":9},"end":{"line":14,"column":14}},"loc":{"start":{"line":14,"column":26},"end":{"line":16,"column":1}}},"2":{"name":"isInvalidLength","decl":{"start":{"line":18,"column":9},"end":{"line":18,"column":24}},"loc":{"start":{"line":18,"column":36},"end":{"line":20,"column":1}}},"3":{"name":"allDigitsAreTheSame","decl":{"start":{"line":22,"column":9},"end":{"line":22,"column":28}},"loc":{"start":{"line":22,"column":40},"end":{"line":24,"column":1}}},"4":{"name":"(anonymous_12)","decl":{"start":{"line":23,"column":29},"end":{"line":23,"column":30}},"loc":{"start":{"line":23,"column":36},"end":{"line":23,"column":48}}},"5":{"name":"calculateDigit","decl":{"start":{"line":26,"column":9},"end":{"line":26,"column":23}},"loc":{"start":{"line":26,"column":51},"end":{"line":33,"column":1}}},"6":{"name":"extractCheckDigit","decl":{"start":{"line":35,"column":9},"end":{"line":35,"column":26}},"loc":{"start":{"line":35,"column":38},"end":{"line":37,"column":1}}},"7":{"name":"signup","decl":{"start":{"line":39,"column":22},"end":{"line":39,"column":28}},"loc":{"start":{"line":39,"column":39},"end":{"line":72,"column":null}}},"8":{"name":"isInvalidName","decl":{"start":{"line":74,"column":9},"end":{"line":74,"column":22}},"loc":{"start":{"line":74,"column":35},"end":{"line":76,"column":1}}},"9":{"name":"isInvalidEmail","decl":{"start":{"line":78,"column":9},"end":{"line":78,"column":23}},"loc":{"start":{"line":78,"column":37},"end":{"line":80,"column":1}}},"10":{"name":"isInvalidCarPlate","decl":{"start":{"line":82,"column":9},"end":{"line":82,"column":26}},"loc":{"start":{"line":82,"column":43},"end":{"line":84,"column":1}}},"11":{"name":"getAccount","decl":{"start":{"line":86,"column":22},"end":{"line":86,"column":32}},"loc":{"start":{"line":86,"column":50},"end":{"line":94,"column":null}}},"12":{"name":"requestRide","decl":{"start":{"line":104,"column":22},"end":{"line":104,"column":33}},"loc":{"start":{"line":110,"column":23},"end":{"line":150,"column":null}}},"13":{"name":"getRide","decl":{"start":{"line":152,"column":22},"end":{"line":152,"column":29}},"loc":{"start":{"line":152,"column":45},"end":{"line":160,"column":null}}}},"branchMap":{"0":{"loc":{"start":{"line":5,"column":2},"end":{"line":5,"column":25}},"type":"if","locations":[{"start":{"line":5,"column":2},"end":{"line":5,"column":25}}]},"1":{"loc":{"start":{"line":7,"column":2},"end":{"line":7,"column":41}},"type":"if","locations":[{"start":{"line":7,"column":2},"end":{"line":7,"column":41}}]},"2":{"loc":{"start":{"line":8,"column":2},"end":{"line":8,"column":45}},"type":"if","locations":[{"start":{"line":8,"column":2},"end":{"line":8,"column":45}}]},"3":{"loc":{"start":{"line":29,"column":4},"end":{"line":29,"column":56}},"type":"if","locations":[{"start":{"line":29,"column":4},"end":{"line":29,"column":56}}]},"4":{"loc":{"start":{"line":32,"column":9},"end":{"line":32,"column":33}},"type":"cond-expr","locations":[{"start":{"line":32,"column":20},"end":{"line":32,"column":21}},{"start":{"line":32,"column":24},"end":{"line":32,"column":33}}]},"5":{"loc":{"start":{"line":47,"column":4},"end":{"line":47,"column":55}},"type":"if","locations":[{"start":{"line":47,"column":4},"end":{"line":47,"column":55}}]},"6":{"loc":{"start":{"line":48,"column":4},"end":{"line":48,"column":67}},"type":"if","locations":[{"start":{"line":48,"column":4},"end":{"line":48,"column":67}}]},"7":{"loc":{"start":{"line":49,"column":4},"end":{"line":49,"column":70}},"type":"if","locations":[{"start":{"line":49,"column":4},"end":{"line":49,"column":70}}]},"8":{"loc":{"start":{"line":50,"column":4},"end":{"line":50,"column":64}},"type":"if","locations":[{"start":{"line":50,"column":4},"end":{"line":50,"column":64}}]},"9":{"loc":{"start":{"line":51,"column":4},"end":{"line":52,"column":43}},"type":"if","locations":[{"start":{"line":51,"column":4},"end":{"line":52,"column":43}}]},"10":{"loc":{"start":{"line":51,"column":8},"end":{"line":51,"column":59}},"type":"binary-expr","locations":[{"start":{"line":51,"column":8},"end":{"line":51,"column":22}},{"start":{"line":51,"column":26},"end":{"line":51,"column":59}}]},"11":{"loc":{"start":{"line":117,"column":4},"end":{"line":117,"column":59}},"type":"if","locations":[{"start":{"line":117,"column":4},"end":{"line":117,"column":59}}]},"12":{"loc":{"start":{"line":123,"column":4},"end":{"line":123,"column":74}},"type":"if","locations":[{"start":{"line":123,"column":4},"end":{"line":123,"column":74}}]},"13":{"loc":{"start":{"line":129,"column":4},"end":{"line":129,"column":79}},"type":"if","locations":[{"start":{"line":129,"column":4},"end":{"line":129,"column":79}}]}},"s":{"0":1,"1":1,"2":16,"3":3,"4":13,"5":13,"6":2,"7":11,"8":1,"9":10,"10":10,"11":10,"12":1,"13":13,"14":13,"15":11,"16":31,"17":20,"18":20,"19":220,"20":190,"21":20,"22":20,"23":10,"24":19,"25":19,"26":19,"27":19,"28":19,"29":1,"30":18,"31":1,"32":17,"33":1,"34":16,"35":6,"36":10,"37":1,"38":9,"39":9,"40":19,"41":1,"42":18,"43":17,"44":2,"45":4,"46":4,"47":4,"48":4,"49":1,"50":6,"51":6,"52":6,"53":6,"54":1,"55":5,"56":5,"57":1,"58":4,"59":4,"60":4,"61":1,"62":3,"63":3,"64":3,"65":3,"66":6,"67":1,"68":1,"69":1,"70":1,"71":1,"72":1},"f":{"0":16,"1":13,"2":13,"3":11,"4":31,"5":20,"6":10,"7":19,"8":18,"9":17,"10":2,"11":4,"12":6,"13":1},"b":{"0":[3],"1":[2],"2":[1],"3":[190],"4":[3,17],"5":[1],"6":[1],"7":[1],"8":[6],"9":[1],"10":[10,2],"11":[1],"12":[1],"13":[1]}}
}
