TN:
SF:src/main.ts
FN:4,validateCpf
FN:14,clean
FN:18,isInvalidLength
FN:22,allDigitsAreTheSame
FN:23,(anonymous_12)
FN:26,calculateDigit
FN:35,extractCheckDigit
FN:39,signup
FN:74,isInvalidName
FN:78,isInvalidEmail
FN:82,isInvalidCarPlate
FN:86,getAccount
FN:104,requestRide
FN:152,getRide
FNF:14
FNH:14
FNDA:16,validateCpf
FNDA:13,clean
FNDA:13,isInvalidLength
FNDA:11,allDigitsAreTheSame
FNDA:31,(anonymous_12)
FNDA:20,calculateDigit
FNDA:10,extractCheckDigit
FNDA:19,signup
FNDA:18,isInvalidName
FNDA:17,isInvalidEmail
FNDA:2,isInvalidCarPlate
FNDA:4,getAccount
FNDA:6,requestRide
FNDA:1,getRide
DA:1,1
DA:2,1
DA:4,1
DA:5,16
DA:6,13
DA:7,13
DA:8,11
DA:9,10
DA:10,10
DA:11,10
DA:15,13
DA:19,13
DA:23,31
DA:27,20
DA:28,20
DA:29,220
DA:31,20
DA:32,20
DA:36,10
DA:39,1
DA:40,19
DA:41,19
DA:42,19
DA:43,19
DA:47,19
DA:48,18
DA:49,17
DA:50,16
DA:51,10
DA:52,1
DA:53,9
DA:66,9
DA:70,19
DA:75,18
DA:79,17
DA:83,2
DA:86,1
DA:87,4
DA:88,4
DA:92,4
DA:93,4
DA:104,1
DA:111,6
DA:112,6
DA:113,6
DA:117,6
DA:119,5
DA:123,5
DA:124,4
DA:128,4
DA:129,4
DA:130,3
DA:131,3
DA:144,3
DA:146,3
DA:148,6
DA:152,1
DA:153,1
DA:154,1
DA:158,1
DA:159,1
LF:61
LH:61
BRDA:5,0,0,3
BRDA:7,1,0,2
BRDA:8,2,0,1
BRDA:29,3,0,190
BRDA:32,4,0,3
BRDA:32,4,1,17
BRDA:47,5,0,1
BRDA:48,6,0,1
BRDA:49,7,0,1
BRDA:50,8,0,6
BRDA:51,9,0,1
BRDA:51,10,0,10
BRDA:51,10,1,2
BRDA:117,11,0,1
BRDA:123,12,0,1
BRDA:129,13,0,1
BRF:16
BRH:16
end_of_record
